<?xml version="1.0" encoding="UTF-8"?>
<!-- Generated by org.testng.reporters.JUnitReportReporter -->
<testsuite hostname="BALT-CHN-00" failures="3" tests="13" name="testcases.TableCount" time="18.320" errors="0" timestamp="2021-11-30T14:41:03 IST" skipped="1">
  <testcase classname="testcases.TableCount" name="validateTableCount" time="1.320"/>
  <system-out>
    <![CDATA[Executing SQL query :: SELECT COUNT(*) FROM St_Backup_Fenwick.INFORMATION_SCHEMA.TABLES WHERE TABLE_TYPE = 'BASE TABLE' and TABLE_SCHEMA='billfenwickplumbing1'
Table Count in SQL Server:: 797
Executing Snowflake query :: SELECT COUNT(*) as total FROM INFORMATION_SCHEMA.TABLES WHERE TABLE_SCHEMA = 'ST_BILLFENWICK_MATILLION' and table_name not in ('MATILLION_MASTER_LOAD_TEST');
Table Count in Snowflake:: 797
Table count in Database matched :: SQL_TableCount is:: 797 SnowFlake_TableCount is :: 797]]>
  </system-out>
  <testcase classname="testcases.TableCount" name="validateTableCount" time="1.061"/>
  <system-out>
    <![CDATA[Executing SQL query :: SELECT count(*) FROM St_Backup_Snell.INFORMATION_SCHEMA.TABLES WHERE TABLE_TYPE = 'BASE TABLE' and Table_Schema='snellheatingair'

Table Count in SQL Server:: 797
Executing Snowflake query :: SELECT COUNT(*) as total FROM INFORMATION_SCHEMA.TABLES WHERE TABLE_SCHEMA = 'ST_SNELLHEATINGAIR_MATILLION' and table_name not in ('MATILLION_MASTER_LOAD_TEST');
Table Count in Snowflake:: 797
Table count in Database matched :: SQL_TableCount is:: 797 SnowFlake_TableCount is :: 797]]>
  </system-out>
  <testcase classname="testcases.TableCount" name="validateTableCount" time="1.150">
    <failure message="The following asserts failed:
	null" type="java.lang.AssertionError">
      <![CDATA[java.lang.AssertionError: The following asserts failed:
null
at org.testng.asserts.SoftAssert.assertAll(SoftAssert.java:47)
at org.testng.asserts.SoftAssert.assertAll(SoftAssert.java:31)
at testcases.TableCount.validateTableCount(TableCount.java:45)
at java.base/jdk.internal.reflect.NativeMethodAccessorImpl.invoke0(Native Method)
at java.base/jdk.internal.reflect.NativeMethodAccessorImpl.invoke(NativeMethodAccessorImpl.java:77)
at java.base/jdk.internal.reflect.DelegatingMethodAccessorImpl.invoke(DelegatingMethodAccessorImpl.java:43)
at java.base/java.lang.reflect.Method.invoke(Method.java:568)
at org.testng.internal.MethodInvocationHelper.invokeMethod(MethodInvocationHelper.java:133)
at org.testng.internal.TestInvoker.invokeMethod(TestInvoker.java:598)
at org.testng.internal.TestInvoker.invokeTestMethod(TestInvoker.java:173)
at org.testng.internal.MethodRunner.runInSequence(MethodRunner.java:46)
at org.testng.internal.TestInvoker$MethodInvocationAgent.invoke(TestInvoker.java:824)
at org.testng.internal.TestInvoker.invokeTestMethods(TestInvoker.java:146)
at org.testng.internal.TestMethodWorker.invokeTestMethods(TestMethodWorker.java:146)
at org.testng.internal.TestMethodWorker.run(TestMethodWorker.java:128)
at java.base/java.util.ArrayList.forEach(ArrayList.java:1511)
at org.testng.TestRunner.privateRun(TestRunner.java:794)
at org.testng.TestRunner.run(TestRunner.java:596)
at org.testng.SuiteRunner.runTest(SuiteRunner.java:377)
at org.testng.SuiteRunner.runSequentially(SuiteRunner.java:371)
at org.testng.SuiteRunner.privateRun(SuiteRunner.java:332)
at org.testng.SuiteRunner.run(SuiteRunner.java:276)
at org.testng.SuiteRunnerWorker.runSuite(SuiteRunnerWorker.java:53)
at org.testng.SuiteRunnerWorker.run(SuiteRunnerWorker.java:96)
at org.testng.TestNG.runSuitesSequentially(TestNG.java:1212)
at org.testng.TestNG.runSuitesLocally(TestNG.java:1134)
at org.testng.TestNG.runSuites(TestNG.java:1063)
at org.testng.TestNG.run(TestNG.java:1031)
at org.testng.remote.AbstractRemoteTestNG.run(AbstractRemoteTestNG.java:115)
at org.testng.remote.RemoteTestNG.initAndRun(RemoteTestNG.java:251)
at org.testng.remote.RemoteTestNG.main(RemoteTestNG.java:77)
]]>
    </failure>
  </testcase> <!-- validateTableCount -->
  <system-out>
    <![CDATA[Executing SQL query :: SELECT count(*) FROM St_Backup_Horizon.INFORMATION_SCHEMA.TABLES WHERE TABLE_TYPE = 'BASE TABLE' and Table_Schema='horizonservices'

Table Count in SQL Server:: 797
Executing Snowflake query :: SELECT COUNT(*) as total FROM INFORMATION_SCHEMA.TABLES WHERE TABLE_SCHEMA = 'ST_HORIZONSERVICES_MATILLION' and table_name not in ('MATILLION_MASTER_LOAD_TEST');
Table Count in Snowflake:: 799
Table count in Database not matched :: SQL_TableCount is:: 797 SnowFlake_TableCount is :: 799]]>
  </system-out>
  <testcase classname="testcases.TableCount" name="validateTableCount" time="2.157"/>
  <system-out>
    <![CDATA[Executing SQL query :: SELECT COUNT(*) FROM St_Backup_Hutchinson.INFORMATION_SCHEMA.TABLES WHERE TABLE_TYPE = 'BASE TABLE' and Table_Schema='hutchinsonplumbingheatingcoolingllc'
Table Count in SQL Server:: 797
Executing Snowflake query :: SELECT COUNT(*) as total FROM INFORMATION_SCHEMA.TABLES WHERE TABLE_SCHEMA = 'ST_HUTCHINSON_MATILLION' and table_name not in ('MATILLION_MASTER_LOAD_TEST');
Table Count in Snowflake:: 797
Table count in Database matched :: SQL_TableCount is:: 797 SnowFlake_TableCount is :: 797]]>
  </system-out>
  <testcase classname="testcases.TableCount" name="validateTableCount" time="2.254"/>
  <system-out>
    <![CDATA[Executing SQL query :: SELECT count(*) FROM St_Backup_Henderson.INFORMATION_SCHEMA.TABLES WHERE TABLE_TYPE = 'BASE TABLE' and Table_Schema='henderson'

Table Count in SQL Server:: 797
Executing Snowflake query :: SELECT COUNT(*) as total FROM INFORMATION_SCHEMA.TABLES WHERE TABLE_SCHEMA = 'ST_HENDERSON_MATILLION' and table_name not in ('MATILLION_MASTER_LOAD_TEST');
Table Count in Snowflake:: 797
Table count in Database matched :: SQL_TableCount is:: 797 SnowFlake_TableCount is :: 797]]>
  </system-out>
  <testcase classname="testcases.TableCount" name="validateTableCount" time="1.001">
    <failure message="The following asserts failed:
	null" type="java.lang.AssertionError">
      <![CDATA[java.lang.AssertionError: The following asserts failed:
null
at org.testng.asserts.SoftAssert.assertAll(SoftAssert.java:47)
at org.testng.asserts.SoftAssert.assertAll(SoftAssert.java:31)
at testcases.TableCount.validateTableCount(TableCount.java:45)
at java.base/jdk.internal.reflect.NativeMethodAccessorImpl.invoke0(Native Method)
at java.base/jdk.internal.reflect.NativeMethodAccessorImpl.invoke(NativeMethodAccessorImpl.java:77)
at java.base/jdk.internal.reflect.DelegatingMethodAccessorImpl.invoke(DelegatingMethodAccessorImpl.java:43)
at java.base/java.lang.reflect.Method.invoke(Method.java:568)
at org.testng.internal.MethodInvocationHelper.invokeMethod(MethodInvocationHelper.java:133)
at org.testng.internal.TestInvoker.invokeMethod(TestInvoker.java:598)
at org.testng.internal.TestInvoker.invokeTestMethod(TestInvoker.java:173)
at org.testng.internal.MethodRunner.runInSequence(MethodRunner.java:46)
at org.testng.internal.TestInvoker$MethodInvocationAgent.invoke(TestInvoker.java:824)
at org.testng.internal.TestInvoker.invokeTestMethods(TestInvoker.java:146)
at org.testng.internal.TestMethodWorker.invokeTestMethods(TestMethodWorker.java:146)
at org.testng.internal.TestMethodWorker.run(TestMethodWorker.java:128)
at java.base/java.util.ArrayList.forEach(ArrayList.java:1511)
at org.testng.TestRunner.privateRun(TestRunner.java:794)
at org.testng.TestRunner.run(TestRunner.java:596)
at org.testng.SuiteRunner.runTest(SuiteRunner.java:377)
at org.testng.SuiteRunner.runSequentially(SuiteRunner.java:371)
at org.testng.SuiteRunner.privateRun(SuiteRunner.java:332)
at org.testng.SuiteRunner.run(SuiteRunner.java:276)
at org.testng.SuiteRunnerWorker.runSuite(SuiteRunnerWorker.java:53)
at org.testng.SuiteRunnerWorker.run(SuiteRunnerWorker.java:96)
at org.testng.TestNG.runSuitesSequentially(TestNG.java:1212)
at org.testng.TestNG.runSuitesLocally(TestNG.java:1134)
at org.testng.TestNG.runSuites(TestNG.java:1063)
at org.testng.TestNG.run(TestNG.java:1031)
at org.testng.remote.AbstractRemoteTestNG.run(AbstractRemoteTestNG.java:115)
at org.testng.remote.RemoteTestNG.initAndRun(RemoteTestNG.java:251)
at org.testng.remote.RemoteTestNG.main(RemoteTestNG.java:77)
]]>
    </failure>
  </testcase> <!-- validateTableCount -->
  <system-out>
    <![CDATA[Executing SQL query :: SELECT COUNT(*) FROM St_Backup_Eanes.INFORMATION_SCHEMA.TABLES WHERE TABLE_TYPE = 'BASE TABLE' And TABLE_SCHEMA= 'eanesheatingairconditioning'
Table Count in SQL Server:: 797
Executing Snowflake query :: SELECT count(*) as total FROM INFORMATION_SCHEMA.TABLES WHERE TABLE_SCHEMA = 'ST_EANESHEATING_MATILLION' and table_name not in ('MATILLION_MASTER_LOAD_TEST');
Table Count in Snowflake:: 0
Table count in Database not matched :: SQL_TableCount is:: 797 SnowFlake_TableCount is :: 0]]>
  </system-out>
  <testcase classname="testcases.TableCount" name="validateTableCount" time="1.987"/>
  <system-out>
    <![CDATA[Executing SQL query :: SELECT count(*) FROM St_Backup_GoldMedal.INFORMATION_SCHEMA.TABLES WHERE TABLE_TYPE = 'BASE TABLE' and Table_Schema='node-4-095'
Table Count in SQL Server:: 797
Executing Snowflake query :: SELECT COUNT(*) as total FROM INFORMATION_SCHEMA.TABLES WHERE TABLE_SCHEMA = 'ST_GOLDMEDAL_MATILLION' and table_name not in ('MATILLION_MASTER_LOAD_TEST');
Table Count in Snowflake:: 797
Table count in Database matched :: SQL_TableCount is:: 797 SnowFlake_TableCount is :: 797]]>
  </system-out>
  <testcase classname="testcases.TableCount" name="validateTableCount" time="1.193"/>
  <system-out>
    <![CDATA[Executing SQL query :: SELECT count(*) FROM St_Backup_FourServicePros.INFORMATION_SCHEMA.TABLES WHERE TABLE_TYPE = 'BASE TABLE' and TABLE_SCHEMA='fourservicepros'
Table Count in SQL Server:: 797
Executing Snowflake query :: SELECT COUNT(*) as total FROM INFORMATION_SCHEMA.TABLES WHERE TABLE_SCHEMA = 'ST_FOURPROS_MATILLION' and table_name not in ('MATILLION_MASTER_LOAD_TEST');
Table Count in Snowflake:: 797
Table count in Database matched :: SQL_TableCount is:: 797 SnowFlake_TableCount is :: 797]]>
  </system-out>
  <testcase classname="testcases.TableCount" name="validateTableCount" time="1.258"/>
  <system-out>
    <![CDATA[Executing SQL query :: SELECT count(*) FROM St_Backup_Maitz.INFORMATION_SCHEMA.TABLES WHERE TABLE_TYPE = 'BASE TABLE' and Table_Schema='Maitz' 

Table Count in SQL Server:: 797
Executing Snowflake query :: SELECT COUNT(*) as total FROM INFORMATION_SCHEMA.TABLES WHERE TABLE_SCHEMA = 'ST_MAITZ_MATILLION' and table_name not in ('MATILLION_MASTER_LOAD_TEST');
Table Count in Snowflake:: 797
Table count in Database matched :: SQL_TableCount is:: 797 SnowFlake_TableCount is :: 797]]>
  </system-out>
  <testcase classname="testcases.TableCount" name="validateTableCount" time="0.929">
    <failure message="The following asserts failed:
	null" type="java.lang.AssertionError">
      <![CDATA[java.lang.AssertionError: The following asserts failed:
null
at org.testng.asserts.SoftAssert.assertAll(SoftAssert.java:47)
at org.testng.asserts.SoftAssert.assertAll(SoftAssert.java:31)
at testcases.TableCount.validateTableCount(TableCount.java:45)
at java.base/jdk.internal.reflect.NativeMethodAccessorImpl.invoke0(Native Method)
at java.base/jdk.internal.reflect.NativeMethodAccessorImpl.invoke(NativeMethodAccessorImpl.java:77)
at java.base/jdk.internal.reflect.DelegatingMethodAccessorImpl.invoke(DelegatingMethodAccessorImpl.java:43)
at java.base/java.lang.reflect.Method.invoke(Method.java:568)
at org.testng.internal.MethodInvocationHelper.invokeMethod(MethodInvocationHelper.java:133)
at org.testng.internal.TestInvoker.invokeMethod(TestInvoker.java:598)
at org.testng.internal.TestInvoker.invokeTestMethod(TestInvoker.java:173)
at org.testng.internal.MethodRunner.runInSequence(MethodRunner.java:46)
at org.testng.internal.TestInvoker$MethodInvocationAgent.invoke(TestInvoker.java:824)
at org.testng.internal.TestInvoker.invokeTestMethods(TestInvoker.java:146)
at org.testng.internal.TestMethodWorker.invokeTestMethods(TestMethodWorker.java:146)
at org.testng.internal.TestMethodWorker.run(TestMethodWorker.java:128)
at java.base/java.util.ArrayList.forEach(ArrayList.java:1511)
at org.testng.TestRunner.privateRun(TestRunner.java:794)
at org.testng.TestRunner.run(TestRunner.java:596)
at org.testng.SuiteRunner.runTest(SuiteRunner.java:377)
at org.testng.SuiteRunner.runSequentially(SuiteRunner.java:371)
at org.testng.SuiteRunner.privateRun(SuiteRunner.java:332)
at org.testng.SuiteRunner.run(SuiteRunner.java:276)
at org.testng.SuiteRunnerWorker.runSuite(SuiteRunnerWorker.java:53)
at org.testng.SuiteRunnerWorker.run(SuiteRunnerWorker.java:96)
at org.testng.TestNG.runSuitesSequentially(TestNG.java:1212)
at org.testng.TestNG.runSuitesLocally(TestNG.java:1134)
at org.testng.TestNG.runSuites(TestNG.java:1063)
at org.testng.TestNG.run(TestNG.java:1031)
at org.testng.remote.AbstractRemoteTestNG.run(AbstractRemoteTestNG.java:115)
at org.testng.remote.RemoteTestNG.initAndRun(RemoteTestNG.java:251)
at org.testng.remote.RemoteTestNG.main(RemoteTestNG.java:77)
]]>
    </failure>
  </testcase> <!-- validateTableCount -->
  <system-out>
    <![CDATA[Executing SQL query :: SELECT count(*) FROM St_Backup_HDAir.INFORMATION_SCHEMA.TABLES WHERE TABLE_TYPE = 'BASE TABLE' and Table_schema='hurleydavidair'

Table Count in SQL Server:: 797
Executing Snowflake query :: SELECT COUNT(*) as total FROM INFORMATION_SCHEMA.TABLES WHERE TABLE_SCHEMA = 'ST_HDAIR_MATILLION' and table_name not in ('MATILLION_MASTER_LOAD_TEST');
Table Count in Snowflake:: 0
Table count in Database not matched :: SQL_TableCount is:: 797 SnowFlake_TableCount is :: 0]]>
  </system-out>
  <testcase classname="testcases.TableCount" name="validateTableCount" time="1.748"/>
  <system-out>
    <![CDATA[Executing SQL query :: SELECT count(*) FROM St_Backup_HARP.INFORMATION_SCHEMA.TABLES WHERE TABLE_TYPE = 'BASE TABLE' and Table_Schema='harpmechanical' 

Table Count in SQL Server:: 797
Executing Snowflake query :: SELECT COUNT(*) as total FROM INFORMATION_SCHEMA.TABLES WHERE TABLE_SCHEMA = 'ST_HARP_MATILLION' and table_name not in ('MATILLION_MASTER_LOAD_TEST');
Table Count in Snowflake:: 797
Table count in Database matched :: SQL_TableCount is:: 797 SnowFlake_TableCount is :: 797]]>
  </system-out>
  <testcase classname="testcases.TableCount" name="validateTableCount" time="2.262"/>
  <system-out>
    <![CDATA[Executing SQL query :: SELECT count(*) FROM St_Backup_Casteel.INFORMATION_SCHEMA.TABLES WHERE TABLE_TYPE = 'BASE TABLE' and Table_Schema='node-19-016'
Table Count in SQL Server:: 797
Executing Snowflake query :: SELECT COUNT(*) as total FROM INFORMATION_SCHEMA.TABLES WHERE TABLE_SCHEMA = 'ST_CASTEEL_MATILLION' and table_name not in ('MATILLION_MASTER_LOAD_TEST');
Table Count in Snowflake:: 797
Table count in Database matched :: SQL_TableCount is:: 797 SnowFlake_TableCount is :: 797]]>
  </system-out>
  <testcase classname="testcases.TableCount" name="validateCount">
    <skipped/>
  </testcase> <!-- validateCount -->
  <system-out/>
</testsuite> <!-- testcases.TableCount -->
